Arguments: 
  D:\tool\nodeJS\node.exe C:\Users\Administrator\AppData\Roaming\npm\node_modules\yarn\bin\yarn.js add uuid-js

PATH: 
  C:\WINDOWS\system32;C:\WINDOWS;C:\WINDOWS\System32\Wbem;C:\WINDOWS\System32\WindowsPowerShell\v1.0\;C:\WINDOWS\System32\OpenSSH\;D:\tool\nodeJS\;d:\tool\Git\cmd;D:\tool\go\bin;D:\tool\mingw32\bin;D:\tool\jdk-13_windows-x64_bin\jdk-13\bin;D:\tool\apache-tomcat-7.0.96-windows-x64\apache-tomcat-7.0.96\bin;D:\tool\nginx;;C:\Program Files\Docker\Docker\resources\bin;C:\ProgramData\DockerDesktop\version-bin;C:\Users\Administrator\AppData\Local\Microsoft\WindowsApps;C:\Users\Administrator\AppData\Roaming\npm;D:\tool\Microsoft VS Code\Microsoft VS Code\bin;D:\tool\go\bin;D:\tool\flutter_windows_1.22.2-stable\flutter\bin;"D:\tool\as-sdk\platform-tools;D:\tool\as-sdk\tools";D:\tool\deno\bin;;C:\Users\Administrator\AppData\Local\Microsoft\WindowsApps;d:\Program Files (x86)\Egret\Egret Wing 3\bin

Yarn version: 
  1.16.0

Node version: 
  10.16.0

Platform: 
  win32 x64

Trace: 
  Error: EPERM: operation not permitted, unlink 'E:\localhost\duidui-acounting\node_modules\gulp-sass\node_modules\node-sass\vendor\win32-x64-64\binding.node'

npm manifest: 
  {
    "name": "duidui-acounting",
    "version": "1.0.0",
    "description": "这是云开发的快速启动指引，其中演示了如何上手使用云开发的三大基础能力：",
    "main": "gulpfile.js",
    "dependencies": {
      "chokidar": "^3.5.1",
      "gulp": "^4.0.2",
      "gulp-rename": "^2.0.0",
      "gulp-sass": "^4.1.0",
      "miniprogram-computed": "^4.0.1",
      "node-sass": "^5.0.0",
      "wx-server-sdk": "^2.3.3"
    },
    "devDependencies": {},
    "scripts": {
      "test": "echo \"Error: no test specified\" && exit 1"
    },
    "author": "",
    "license": "ISC"
  }

yarn manifest: 
  No manifest

Lockfile: 
  No lockfile
